0 info it worked if it ends with ok
1 verbose cli [ '/usr/local/bin/node', '/usr/local/bin/npm', 'start' ]
2 info using npm@3.10.5
3 info using node@v5.4.1
4 verbose run-script [ 'prestart', 'start', 'poststart' ]
5 info lifecycle node-js-getting-started@0.2.5~prestart: node-js-getting-started@0.2.5
6 silly lifecycle node-js-getting-started@0.2.5~prestart: no script for prestart, continuing
7 info lifecycle node-js-getting-started@0.2.5~start: node-js-getting-started@0.2.5
8 verbose lifecycle node-js-getting-started@0.2.5~start: unsafe-perm in lifecycle true
9 verbose lifecycle node-js-getting-started@0.2.5~start: PATH: /usr/local/lib/node_modules/npm/bin/node-gyp-bin:/Users/gbayomi/Documents/x3dom-cloud/lvisunb/node_modules/.bin:/usr/local/bin:/Applications/anaconda/bin:/usr/local/bin:/usr/bin:/bin:/usr/sbin:/sbin:/usr/local/git/bin
10 verbose lifecycle node-js-getting-started@0.2.5~start: CWD: /Users/gbayomi/Documents/x3dom-cloud/lvisunb
11 silly lifecycle node-js-getting-started@0.2.5~start: Args: [ '-c', 'node index.js' ]
12 silly lifecycle node-js-getting-started@0.2.5~start: Returned: code: 1  signal: null
13 info lifecycle node-js-getting-started@0.2.5~start: Failed to exec start script
14 verbose stack Error: node-js-getting-started@0.2.5 start: `node index.js`
14 verbose stack Exit status 1
14 verbose stack     at EventEmitter.<anonymous> (/usr/local/lib/node_modules/npm/lib/utils/lifecycle.js:242:16)
14 verbose stack     at emitTwo (events.js:87:13)
14 verbose stack     at EventEmitter.emit (events.js:172:7)
14 verbose stack     at ChildProcess.<anonymous> (/usr/local/lib/node_modules/npm/lib/utils/spawn.js:40:14)
14 verbose stack     at emitTwo (events.js:87:13)
14 verbose stack     at ChildProcess.emit (events.js:172:7)
14 verbose stack     at maybeClose (internal/child_process.js:821:16)
14 verbose stack     at Process.ChildProcess._handle.onexit (internal/child_process.js:211:5)
15 verbose pkgid node-js-getting-started@0.2.5
16 verbose cwd /Users/gbayomi/Documents/x3dom-cloud/lvisunb
17 error Darwin 14.3.0
18 error argv "/usr/local/bin/node" "/usr/local/bin/npm" "start"
19 error node v5.4.1
20 error npm  v3.10.5
21 error code ELIFECYCLE
22 error node-js-getting-started@0.2.5 start: `node index.js`
22 error Exit status 1
23 error Failed at the node-js-getting-started@0.2.5 start script 'node index.js'.
23 error Make sure you have the latest version of node.js and npm installed.
23 error If you do, this is most likely a problem with the node-js-getting-started package,
23 error not with npm itself.
23 error Tell the author that this fails on your system:
23 error     node index.js
23 error You can get information on how to open an issue for this project with:
23 error     npm bugs node-js-getting-started
23 error Or if that isn't available, you can get their info via:
23 error     npm owner ls node-js-getting-started
23 error There is likely additional logging output above.
24 verbose exit [ 1, true ]
